<?xml version="1.0" encoding="UTF-8" standalone="no"?>
<!DOCTYPE log SYSTEM "logger.dtd">
<log>
</log>
<?xml version="1.0" encoding="UTF-8" standalone="no"?>
<!DOCTYPE log SYSTEM "logger.dtd">
<log>
<record>
  <date>2016-12-06T12:29:56</date>
  <millis>1481023796422</millis>
  <sequence>4</sequence>
  <logger>logging</logger>
  <level>SEVERE</level>
  <class>shared.Logging</class>
  <method>log</method>
  <thread>1</thread>
  <message>Fejl. System startede ikke!</message>
  <exception>
    <message>java.net.BindException: Address already in use</message>
    <frame>
      <class>sun.nio.ch.Net</class>
      <method>bind0</method>
    </frame>
    <frame>
      <class>sun.nio.ch.Net</class>
      <method>bind</method>
      <line>433</line>
    </frame>
    <frame>
      <class>sun.nio.ch.Net</class>
      <method>bind</method>
      <line>425</line>
    </frame>
    <frame>
      <class>sun.nio.ch.ServerSocketChannelImpl</class>
      <method>bind</method>
      <line>223</line>
    </frame>
    <frame>
      <class>sun.nio.ch.ServerSocketAdaptor</class>
      <method>bind</method>
      <line>74</line>
    </frame>
    <frame>
      <class>sun.net.httpserver.ServerImpl</class>
      <method>&lt;init&gt;</method>
      <line>100</line>
    </frame>
    <frame>
      <class>sun.net.httpserver.HttpServerImpl</class>
      <method>&lt;init&gt;</method>
      <line>50</line>
    </frame>
    <frame>
      <class>sun.net.httpserver.DefaultHttpServerProvider</class>
      <method>createHttpServer</method>
      <line>35</line>
    </frame>
    <frame>
      <class>com.sun.net.httpserver.HttpServer</class>
      <method>create</method>
      <line>130</line>
    </frame>
    <frame>
      <class>com.sun.jersey.api.container.httpserver.HttpServerFactory</class>
      <method>create</method>
      <line>304</line>
    </frame>
    <frame>
      <class>com.sun.jersey.api.container.httpserver.HttpServerFactory</class>
      <method>create</method>
      <line>117</line>
    </frame>
    <frame>
      <class>com.sun.jersey.api.container.httpserver.HttpServerFactory</class>
      <method>create</method>
      <line>92</line>
    </frame>
    <frame>
      <class>Run</class>
      <method>main</method>
      <line>43</line>
    </frame>
    <frame>
      <class>sun.reflect.NativeMethodAccessorImpl</class>
      <method>invoke0</method>
    </frame>
    <frame>
      <class>sun.reflect.NativeMethodAccessorImpl</class>
      <method>invoke</method>
      <line>62</line>
    </frame>
    <frame>
      <class>sun.reflect.DelegatingMethodAccessorImpl</class>
      <method>invoke</method>
      <line>43</line>
    </frame>
    <frame>
      <class>java.lang.reflect.Method</class>
      <method>invoke</method>
      <line>497</line>
    </frame>
    <frame>
      <class>com.intellij.rt.execution.application.AppMain</class>
      <method>main</method>
      <line>147</line>
    </frame>
  </exception>
</record>
</log>
<?xml version="1.0" encoding="UTF-8" standalone="no"?>
<!DOCTYPE log SYSTEM "logger.dtd">
<log>
<record>
  <date>2016-12-06T12:31:36</date>
  <millis>1481023896733</millis>
  <sequence>4</sequence>
  <logger>logging</logger>
  <level>SEVERE</level>
  <class>shared.Logging</class>
  <method>log</method>
  <thread>1</thread>
  <message>Fejl. System startede ikke!</message>
  <exception>
    <message>java.net.BindException: Address already in use</message>
    <frame>
      <class>sun.nio.ch.Net</class>
      <method>bind0</method>
    </frame>
    <frame>
      <class>sun.nio.ch.Net</class>
      <method>bind</method>
      <line>433</line>
    </frame>
    <frame>
      <class>sun.nio.ch.Net</class>
      <method>bind</method>
      <line>425</line>
    </frame>
    <frame>
      <class>sun.nio.ch.ServerSocketChannelImpl</class>
      <method>bind</method>
      <line>223</line>
    </frame>
    <frame>
      <class>sun.nio.ch.ServerSocketAdaptor</class>
      <method>bind</method>
      <line>74</line>
    </frame>
    <frame>
      <class>sun.net.httpserver.ServerImpl</class>
      <method>&lt;init&gt;</method>
      <line>100</line>
    </frame>
    <frame>
      <class>sun.net.httpserver.HttpServerImpl</class>
      <method>&lt;init&gt;</method>
      <line>50</line>
    </frame>
    <frame>
      <class>sun.net.httpserver.DefaultHttpServerProvider</class>
      <method>createHttpServer</method>
      <line>35</line>
    </frame>
    <frame>
      <class>com.sun.net.httpserver.HttpServer</class>
      <method>create</method>
      <line>130</line>
    </frame>
    <frame>
      <class>com.sun.jersey.api.container.httpserver.HttpServerFactory</class>
      <method>create</method>
      <line>304</line>
    </frame>
    <frame>
      <class>com.sun.jersey.api.container.httpserver.HttpServerFactory</class>
      <method>create</method>
      <line>117</line>
    </frame>
    <frame>
      <class>com.sun.jersey.api.container.httpserver.HttpServerFactory</class>
      <method>create</method>
      <line>92</line>
    </frame>
    <frame>
      <class>Run</class>
      <method>main</method>
      <line>43</line>
    </frame>
    <frame>
      <class>sun.reflect.NativeMethodAccessorImpl</class>
      <method>invoke0</method>
    </frame>
    <frame>
      <class>sun.reflect.NativeMethodAccessorImpl</class>
      <method>invoke</method>
      <line>62</line>
    </frame>
    <frame>
      <class>sun.reflect.DelegatingMethodAccessorImpl</class>
      <method>invoke</method>
      <line>43</line>
    </frame>
    <frame>
      <class>java.lang.reflect.Method</class>
      <method>invoke</method>
      <line>497</line>
    </frame>
    <frame>
      <class>com.intellij.rt.execution.application.AppMain</class>
      <method>main</method>
      <line>147</line>
    </frame>
  </exception>
</record>
</log>
<?xml version="1.0" encoding="UTF-8" standalone="no"?>
<!DOCTYPE log SYSTEM "logger.dtd">
<log>
<record>
  <date>2016-12-06T12:31:58</date>
  <millis>1481023918083</millis>
  <sequence>4</sequence>
  <logger>logging</logger>
  <level>SEVERE</level>
  <class>shared.Logging</class>
  <method>log</method>
  <thread>1</thread>
  <message>Fejl. System startede ikke!</message>
  <exception>
    <message>java.net.BindException: Address already in use</message>
    <frame>
      <class>sun.nio.ch.Net</class>
      <method>bind0</method>
    </frame>
    <frame>
      <class>sun.nio.ch.Net</class>
      <method>bind</method>
      <line>433</line>
    </frame>
    <frame>
      <class>sun.nio.ch.Net</class>
      <method>bind</method>
      <line>425</line>
    </frame>
    <frame>
      <class>sun.nio.ch.ServerSocketChannelImpl</class>
      <method>bind</method>
      <line>223</line>
    </frame>
    <frame>
      <class>sun.nio.ch.ServerSocketAdaptor</class>
      <method>bind</method>
      <line>74</line>
    </frame>
    <frame>
      <class>sun.net.httpserver.ServerImpl</class>
      <method>&lt;init&gt;</method>
      <line>100</line>
    </frame>
    <frame>
      <class>sun.net.httpserver.HttpServerImpl</class>
      <method>&lt;init&gt;</method>
      <line>50</line>
    </frame>
    <frame>
      <class>sun.net.httpserver.DefaultHttpServerProvider</class>
      <method>createHttpServer</method>
      <line>35</line>
    </frame>
    <frame>
      <class>com.sun.net.httpserver.HttpServer</class>
      <method>create</method>
      <line>130</line>
    </frame>
    <frame>
      <class>com.sun.jersey.api.container.httpserver.HttpServerFactory</class>
      <method>create</method>
      <line>304</line>
    </frame>
    <frame>
      <class>com.sun.jersey.api.container.httpserver.HttpServerFactory</class>
      <method>create</method>
      <line>117</line>
    </frame>
    <frame>
      <class>com.sun.jersey.api.container.httpserver.HttpServerFactory</class>
      <method>create</method>
      <line>92</line>
    </frame>
    <frame>
      <class>Run</class>
      <method>main</method>
      <line>43</line>
    </frame>
    <frame>
      <class>sun.reflect.NativeMethodAccessorImpl</class>
      <method>invoke0</method>
    </frame>
    <frame>
      <class>sun.reflect.NativeMethodAccessorImpl</class>
      <method>invoke</method>
      <line>62</line>
    </frame>
    <frame>
      <class>sun.reflect.DelegatingMethodAccessorImpl</class>
      <method>invoke</method>
      <line>43</line>
    </frame>
    <frame>
      <class>java.lang.reflect.Method</class>
      <method>invoke</method>
      <line>497</line>
    </frame>
    <frame>
      <class>com.intellij.rt.execution.application.AppMain</class>
      <method>main</method>
      <line>147</line>
    </frame>
  </exception>
</record>
</log>
<?xml version="1.0" encoding="UTF-8" standalone="no"?>
<!DOCTYPE log SYSTEM "logger.dtd">
<log>
<record>
  <date>2016-12-06T12:33:47</date>
  <millis>1481024027055</millis>
  <sequence>4</sequence>
  <logger>logging</logger>
  <level>SEVERE</level>
  <class>shared.Logging</class>
  <method>log</method>
  <thread>1</thread>
  <message>Fejl. System startede ikke!</message>
  <exception>
    <message>java.net.BindException: Address already in use</message>
    <frame>
      <class>sun.nio.ch.Net</class>
      <method>bind0</method>
    </frame>
    <frame>
      <class>sun.nio.ch.Net</class>
      <method>bind</method>
      <line>433</line>
    </frame>
    <frame>
      <class>sun.nio.ch.Net</class>
      <method>bind</method>
      <line>425</line>
    </frame>
    <frame>
      <class>sun.nio.ch.ServerSocketChannelImpl</class>
      <method>bind</method>
      <line>223</line>
    </frame>
    <frame>
      <class>sun.nio.ch.ServerSocketAdaptor</class>
      <method>bind</method>
      <line>74</line>
    </frame>
    <frame>
      <class>sun.net.httpserver.ServerImpl</class>
      <method>&lt;init&gt;</method>
      <line>100</line>
    </frame>
    <frame>
      <class>sun.net.httpserver.HttpServerImpl</class>
      <method>&lt;init&gt;</method>
      <line>50</line>
    </frame>
    <frame>
      <class>sun.net.httpserver.DefaultHttpServerProvider</class>
      <method>createHttpServer</method>
      <line>35</line>
    </frame>
    <frame>
      <class>com.sun.net.httpserver.HttpServer</class>
      <method>create</method>
      <line>130</line>
    </frame>
    <frame>
      <class>com.sun.jersey.api.container.httpserver.HttpServerFactory</class>
      <method>create</method>
      <line>304</line>
    </frame>
    <frame>
      <class>com.sun.jersey.api.container.httpserver.HttpServerFactory</class>
      <method>create</method>
      <line>117</line>
    </frame>
    <frame>
      <class>com.sun.jersey.api.container.httpserver.HttpServerFactory</class>
      <method>create</method>
      <line>92</line>
    </frame>
    <frame>
      <class>Run</class>
      <method>main</method>
      <line>43</line>
    </frame>
    <frame>
      <class>sun.reflect.NativeMethodAccessorImpl</class>
      <method>invoke0</method>
    </frame>
    <frame>
      <class>sun.reflect.NativeMethodAccessorImpl</class>
      <method>invoke</method>
      <line>62</line>
    </frame>
    <frame>
      <class>sun.reflect.DelegatingMethodAccessorImpl</class>
      <method>invoke</method>
      <line>43</line>
    </frame>
    <frame>
      <class>java.lang.reflect.Method</class>
      <method>invoke</method>
      <line>497</line>
    </frame>
    <frame>
      <class>com.intellij.rt.execution.application.AppMain</class>
      <method>main</method>
      <line>147</line>
    </frame>
  </exception>
</record>
</log>
